info: Server started at http://localhost:5000/api/v1/ {"timestamp":"2022-10-16T05:37:17.089Z"}
info: Connected to the database. {"timestamp":"2022-10-16T05:37:17.213Z"}
error: 
    status - 500 
    message - undefined 
    url - /api/v1/users/register 
    method - POST 
    IP - ::ffff:127.0.0.1
   {"timestamp":"2022-10-16T05:37:35.672Z"}
error: 
    status - 500 
    message - undefined 
    url - /api/v1/users/register 
    method - POST 
    IP - ::ffff:127.0.0.1
   {"timestamp":"2022-10-16T05:37:54.309Z"}
error: 
    status - 500 
    message - undefined 
    url - /api/v1/users/register 
    method - POST 
    IP - ::ffff:127.0.0.1
   {"timestamp":"2022-10-16T05:44:02.156Z"}
error: 
    status - 500 
    message - undefined 
    url - /api/v1/users/register 
    method - POST 
    IP - ::ffff:127.0.0.1
   {"timestamp":"2022-10-16T05:46:00.770Z"}
error: 
    status - 500 
    message - undefined 
    url - /api/v1/users/register 
    method - POST 
    IP - ::ffff:127.0.0.1
   {"timestamp":"2022-10-16T05:46:15.352Z"}
info: Server started at http://localhost:5000/api/v1/ {"timestamp":"2022-10-16T05:52:28.673Z"}
info: Connected to the database. {"timestamp":"2022-10-16T05:52:28.729Z"}
info: Server started at http://localhost:5000/api/v1/ {"timestamp":"2022-10-16T05:59:04.345Z"}
info: Connected to the database. {"timestamp":"2022-10-16T05:59:04.400Z"}
info: Server started at http://localhost:5000/api/v1/ {"timestamp":"2022-10-16T06:01:43.170Z"}
info: Connected to the database. {"timestamp":"2022-10-16T06:01:43.239Z"}
info: Server started at http://localhost:5000/api/v1/ {"timestamp":"2022-10-16T06:01:48.245Z"}
info: Connected to the database. {"timestamp":"2022-10-16T06:01:48.291Z"}
info: Server started at http://localhost:5000/api/v1/ {"timestamp":"2022-10-16T06:02:12.141Z"}
info: Connected to the database. {"timestamp":"2022-10-16T06:02:12.178Z"}
info: Server started at http://localhost:5000/api/v1/ {"timestamp":"2022-10-16T06:02:57.242Z"}
info: Connected to the database. {"timestamp":"2022-10-16T06:02:57.279Z"}
info: Server started at http://localhost:5000/api/v1/ {"timestamp":"2022-10-16T06:05:12.286Z"}
info: Connected to the database. {"timestamp":"2022-10-16T06:05:12.340Z"}
info: Server started at http://localhost:5000/api/v1/ {"timestamp":"2022-10-16T06:05:36.262Z"}
info: Connected to the database. {"timestamp":"2022-10-16T06:05:36.307Z"}
