info: Server started at http://localhost:5000/api/v1/ {"timestamp":"2022-10-19T01:03:11.994Z"}
info: Connected to the database. {"timestamp":"2022-10-19T01:03:12.205Z"}
error: 
    status - 500 
    message - SyntaxError: Unexpected token } in JSON at position 98
    at JSON.parse (<anonymous>)
    at parse (C:\Users\asere\Desktop\Saturn\ArcadeIo\mk01\server\node_modules\body-parser\lib\types\json.js:89:19)
    at C:\Users\asere\Desktop\Saturn\ArcadeIo\mk01\server\node_modules\body-parser\lib\read.js:128:18
    at AsyncResource.runInAsyncScope (node:async_hooks:199:9)
    at invokeCallback (C:\Users\asere\Desktop\Saturn\ArcadeIo\mk01\server\node_modules\raw-body\index.js:231:16)
    at done (C:\Users\asere\Desktop\Saturn\ArcadeIo\mk01\server\node_modules\raw-body\index.js:220:7)
    at IncomingMessage.onEnd (C:\Users\asere\Desktop\Saturn\ArcadeIo\mk01\server\node_modules\raw-body\index.js:280:7)
    at IncomingMessage.emit (node:events:402:35)
    at IncomingMessage.emit (node:domain:475:12)
    at endReadableNT (node:internal/streams/readable:1343:12)
    at processTicksAndRejections (node:internal/process/task_queues:83:21) 
    url - /api/v1/games 
    method - POST 
    IP - ::ffff:127.0.0.1
   {"timestamp":"2022-10-19T01:04:46.986Z"}
info: Server started at http://localhost:5000/api/v1/ {"timestamp":"2022-10-19T01:06:06.333Z"}
info: Connected to the database. {"timestamp":"2022-10-19T01:06:06.392Z"}
info: Server started at http://localhost:5000/api/v1/ {"timestamp":"2022-10-19T01:06:25.743Z"}
info: Connected to the database. {"timestamp":"2022-10-19T01:06:25.805Z"}
info: Server started at http://localhost:5000/api/v1/ {"timestamp":"2022-10-19T01:08:42.214Z"}
info: Connected to the database. {"timestamp":"2022-10-19T01:08:42.277Z"}
info: Server started at http://localhost:5000/api/v1/ {"timestamp":"2022-10-19T01:10:19.717Z"}
info: Connected to the database. {"timestamp":"2022-10-19T01:10:19.818Z"}
info: Server started at http://localhost:5000/api/v1/ {"timestamp":"2022-10-19T01:11:35.818Z"}
info: Connected to the database. {"timestamp":"2022-10-19T01:11:35.890Z"}
info: Server started at http://localhost:5000/api/v1/ {"timestamp":"2022-10-19T01:12:23.556Z"}
info: Connected to the database. {"timestamp":"2022-10-19T01:12:23.626Z"}
info: Server started at http://localhost:5000/api/v1/ {"timestamp":"2022-10-19T01:14:22.515Z"}
info: Connected to the database. {"timestamp":"2022-10-19T01:14:22.600Z"}
info: Server started at http://localhost:5000/api/v1/ {"timestamp":"2022-10-19T01:14:42.481Z"}
info: Connected to the database. {"timestamp":"2022-10-19T01:14:42.553Z"}
info: Server started at http://localhost:5000/api/v1/ {"timestamp":"2022-10-19T01:14:54.939Z"}
info: Connected to the database. {"timestamp":"2022-10-19T01:14:55.013Z"}
info: Server started at http://localhost:5000/api/v1/ {"timestamp":"2022-10-19T01:15:06.156Z"}
info: Connected to the database. {"timestamp":"2022-10-19T01:15:06.222Z"}
info: Server started at http://localhost:5000/api/v1/ {"timestamp":"2022-10-19T01:20:12.936Z"}
info: Connected to the database. {"timestamp":"2022-10-19T01:20:13.018Z"}
info: Server started at http://localhost:5000/api/v1/ {"timestamp":"2022-10-19T01:20:35.577Z"}
info: Connected to the database. {"timestamp":"2022-10-19T01:20:35.609Z"}
info: Server started at http://localhost:5000/api/v1/ {"timestamp":"2022-10-19T01:20:40.215Z"}
info: Connected to the database. {"timestamp":"2022-10-19T01:20:40.250Z"}
info: Server started at http://localhost:5000/api/v1/ {"timestamp":"2022-10-19T01:21:24.161Z"}
info: Connected to the database. {"timestamp":"2022-10-19T01:21:24.198Z"}
info: Server started at http://localhost:5000/api/v1/ {"timestamp":"2022-10-19T01:25:41.563Z"}
info: Connected to the database. {"timestamp":"2022-10-19T01:25:41.591Z"}
info: Server started at http://localhost:5000/api/v1/ {"timestamp":"2022-10-19T01:25:58.352Z"}
info: Connected to the database. {"timestamp":"2022-10-19T01:25:58.383Z"}
info: Server started at http://localhost:5000/api/v1/ {"timestamp":"2022-10-19T01:26:58.248Z"}
info: Connected to the database. {"timestamp":"2022-10-19T01:26:58.281Z"}
info: Server started at http://localhost:5000/api/v1/ {"timestamp":"2022-10-19T01:27:11.805Z"}
info: Connected to the database. {"timestamp":"2022-10-19T01:27:11.840Z"}
info: Server started at http://localhost:5000/api/v1/ {"timestamp":"2022-10-19T01:27:35.657Z"}
info: Connected to the database. {"timestamp":"2022-10-19T01:27:35.688Z"}
info: Server started at http://localhost:5000/api/v1/ {"timestamp":"2022-10-19T01:28:20.909Z"}
info: Connected to the database. {"timestamp":"2022-10-19T01:28:20.942Z"}
info: Server started at http://localhost:5000/api/v1/ {"timestamp":"2022-10-19T01:28:28.705Z"}
info: Connected to the database. {"timestamp":"2022-10-19T01:28:28.741Z"}
error: 
    status - 500 
    message - ReferenceError: body is not defined
    at _callee6$ (C:\Users\asere\Desktop\Saturn\ArcadeIo\mk01\server\src\controllers\/game.controller.js:108:46)
    at tryCatch (C:\Users\asere\Desktop\Saturn\ArcadeIo\mk01\server\node_modules\@babel\runtime\helpers\regeneratorRuntime.js:86:17)
    at Generator._invoke (C:\Users\asere\Desktop\Saturn\ArcadeIo\mk01\server\node_modules\@babel\runtime\helpers\regeneratorRuntime.js:66:24)
    at Generator.next (C:\Users\asere\Desktop\Saturn\ArcadeIo\mk01\server\node_modules\@babel\runtime\helpers\regeneratorRuntime.js:117:21)
    at asyncGeneratorStep (C:\Users\asere\Desktop\Saturn\ArcadeIo\mk01\server\node_modules\@babel\runtime\helpers\asyncToGenerator.js:3:24)
    at _next (C:\Users\asere\Desktop\Saturn\ArcadeIo\mk01\server\node_modules\@babel\runtime\helpers\asyncToGenerator.js:25:9)
    at C:\Users\asere\Desktop\Saturn\ArcadeIo\mk01\server\node_modules\@babel\runtime\helpers\asyncToGenerator.js:32:7
    at new Promise (<anonymous>)
    at C:\Users\asere\Desktop\Saturn\ArcadeIo\mk01\server\node_modules\@babel\runtime\helpers\asyncToGenerator.js:21:12
    at startGame (C:\Users\asere\Desktop\Saturn\ArcadeIo\mk01\server\src\controllers\/game.controller.js:106:24)
    at Layer.handle [as handle_request] (C:\Users\asere\Desktop\Saturn\ArcadeIo\mk01\server\node_modules\express\lib\router\layer.js:95:5)
    at next (C:\Users\asere\Desktop\Saturn\ArcadeIo\mk01\server\node_modules\express\lib\router\route.js:144:13)
    at Route.dispatch (C:\Users\asere\Desktop\Saturn\ArcadeIo\mk01\server\node_modules\express\lib\router\route.js:114:3)
    at Layer.handle [as handle_request] (C:\Users\asere\Desktop\Saturn\ArcadeIo\mk01\server\node_modules\express\lib\router\layer.js:95:5)
    at C:\Users\asere\Desktop\Saturn\ArcadeIo\mk01\server\node_modules\express\lib\router\index.js:284:15
    at Function.process_params (C:\Users\asere\Desktop\Saturn\ArcadeIo\mk01\server\node_modules\express\lib\router\index.js:346:12)
    at next (C:\Users\asere\Desktop\Saturn\ArcadeIo\mk01\server\node_modules\express\lib\router\index.js:280:10)
    at Function.handle (C:\Users\asere\Desktop\Saturn\ArcadeIo\mk01\server\node_modules\express\lib\router\index.js:175:3)
    at router (C:\Users\asere\Desktop\Saturn\ArcadeIo\mk01\server\node_modules\express\lib\router\index.js:47:12)
    at Layer.handle [as handle_request] (C:\Users\asere\Desktop\Saturn\ArcadeIo\mk01\server\node_modules\express\lib\router\layer.js:95:5)
    at trim_prefix (C:\Users\asere\Desktop\Saturn\ArcadeIo\mk01\server\node_modules\express\lib\router\index.js:328:13)
    at C:\Users\asere\Desktop\Saturn\ArcadeIo\mk01\server\node_modules\express\lib\router\index.js:286:9
    at Function.process_params (C:\Users\asere\Desktop\Saturn\ArcadeIo\mk01\server\node_modules\express\lib\router\index.js:346:12)
    at next (C:\Users\asere\Desktop\Saturn\ArcadeIo\mk01\server\node_modules\express\lib\router\index.js:280:10)
    at Function.handle (C:\Users\asere\Desktop\Saturn\ArcadeIo\mk01\server\node_modules\express\lib\router\index.js:175:3)
    at router (C:\Users\asere\Desktop\Saturn\ArcadeIo\mk01\server\node_modules\express\lib\router\index.js:47:12)
    at Layer.handle [as handle_request] (C:\Users\asere\Desktop\Saturn\ArcadeIo\mk01\server\node_modules\express\lib\router\layer.js:95:5)
    at trim_prefix (C:\Users\asere\Desktop\Saturn\ArcadeIo\mk01\server\node_modules\express\lib\router\index.js:328:13)
    at C:\Users\asere\Desktop\Saturn\ArcadeIo\mk01\server\node_modules\express\lib\router\index.js:286:9
    at Function.process_params (C:\Users\asere\Desktop\Saturn\ArcadeIo\mk01\server\node_modules\express\lib\router\index.js:346:12)
    at next (C:\Users\asere\Desktop\Saturn\ArcadeIo\mk01\server\node_modules\express\lib\router\index.js:280:10)
    at logger (C:\Users\asere\Desktop\Saturn\ArcadeIo\mk01\server\node_modules\morgan\index.js:144:5)
    at Layer.handle [as handle_request] (C:\Users\asere\Desktop\Saturn\ArcadeIo\mk01\server\node_modules\express\lib\router\layer.js:95:5)
    at trim_prefix (C:\Users\asere\Desktop\Saturn\ArcadeIo\mk01\server\node_modules\express\lib\router\index.js:328:13)
    at C:\Users\asere\Desktop\Saturn\ArcadeIo\mk01\server\node_modules\express\lib\router\index.js:286:9
    at Function.process_params (C:\Users\asere\Desktop\Saturn\ArcadeIo\mk01\server\node_modules\express\lib\router\index.js:346:12)
    at next (C:\Users\asere\Desktop\Saturn\ArcadeIo\mk01\server\node_modules\express\lib\router\index.js:280:10)
    at C:\Users\asere\Desktop\Saturn\ArcadeIo\mk01\server\node_modules\body-parser\lib\read.js:137:5
    at AsyncResource.runInAsyncScope (node:async_hooks:199:9)
    at invokeCallback (C:\Users\asere\Desktop\Saturn\ArcadeIo\mk01\server\node_modules\raw-body\index.js:231:16)
    at done (C:\Users\asere\Desktop\Saturn\ArcadeIo\mk01\server\node_modules\raw-body\index.js:220:7)
    at IncomingMessage.onEnd (C:\Users\asere\Desktop\Saturn\ArcadeIo\mk01\server\node_modules\raw-body\index.js:280:7)
    at IncomingMessage.emit (node:events:402:35)
    at IncomingMessage.emit (node:domain:475:12)
    at endReadableNT (node:internal/streams/readable:1343:12)
    at processTicksAndRejections (node:internal/process/task_queues:83:21) 
    url - /api/v1/games/startGame 
    method - POST 
    IP - ::ffff:127.0.0.1
   {"timestamp":"2022-10-19T01:30:18.972Z"}
info: Server started at http://localhost:5000/api/v1/ {"timestamp":"2022-10-19T01:30:34.361Z"}
info: Connected to the database. {"timestamp":"2022-10-19T01:30:34.398Z"}
info: Server started at http://localhost:5000/api/v1/ {"timestamp":"2022-10-19T01:31:08.226Z"}
info: Connected to the database. {"timestamp":"2022-10-19T01:31:08.260Z"}
info: Server started at http://localhost:5000/api/v1/ {"timestamp":"2022-10-19T01:32:14.286Z"}
info: Connected to the database. {"timestamp":"2022-10-19T01:32:14.320Z"}
info: Server started at http://localhost:5000/api/v1/ {"timestamp":"2022-10-19T01:33:46.440Z"}
info: Connected to the database. {"timestamp":"2022-10-19T01:33:46.469Z"}
info: Server started at http://localhost:5000/api/v1/ {"timestamp":"2022-10-19T01:35:28.294Z"}
info: Connected to the database. {"timestamp":"2022-10-19T01:35:28.323Z"}
info: Server started at http://localhost:5000/api/v1/ {"timestamp":"2022-10-19T01:41:43.937Z"}
info: Connected to the database. {"timestamp":"2022-10-19T01:41:43.969Z"}
info: Server started at http://localhost:5000/api/v1/ {"timestamp":"2022-10-19T01:43:13.393Z"}
info: Connected to the database. {"timestamp":"2022-10-19T01:43:13.420Z"}
info: Server started at http://localhost:5000/api/v1/ {"timestamp":"2022-10-19T01:43:39.708Z"}
info: Connected to the database. {"timestamp":"2022-10-19T01:43:39.770Z"}
info: Server started at http://localhost:5000/api/v1/ {"timestamp":"2022-10-19T01:43:49.862Z"}
info: Connected to the database. {"timestamp":"2022-10-19T01:43:49.888Z"}
info: Server started at http://localhost:5000/api/v1/ {"timestamp":"2022-10-19T01:47:07.583Z"}
info: Connected to the database. {"timestamp":"2022-10-19T01:47:07.615Z"}
info: Server started at http://localhost:5000/api/v1/ {"timestamp":"2022-10-19T01:48:15.274Z"}
info: Connected to the database. {"timestamp":"2022-10-19T01:48:15.344Z"}
info: Server started at http://localhost:5000/api/v1/ {"timestamp":"2022-10-19T01:48:21.962Z"}
info: Connected to the database. {"timestamp":"2022-10-19T01:48:22.007Z"}
info: Server started at http://localhost:5000/api/v1/ {"timestamp":"2022-10-19T01:49:11.653Z"}
info: Connected to the database. {"timestamp":"2022-10-19T01:49:11.684Z"}
info: Server started at http://localhost:5000/api/v1/ {"timestamp":"2022-10-19T01:53:09.814Z"}
info: Connected to the database. {"timestamp":"2022-10-19T01:53:09.842Z"}
info: Server started at http://localhost:5000/api/v1/ {"timestamp":"2022-10-19T01:54:55.804Z"}
info: Connected to the database. {"timestamp":"2022-10-19T01:54:55.829Z"}
info: Server started at http://localhost:5000/api/v1/ {"timestamp":"2022-10-19T01:56:08.254Z"}
info: Connected to the database. {"timestamp":"2022-10-19T01:56:08.283Z"}
info: Server started at http://localhost:5000/api/v1/ {"timestamp":"2022-10-19T01:59:20.086Z"}
info: Connected to the database. {"timestamp":"2022-10-19T01:59:20.115Z"}
info: Server started at http://localhost:5000/api/v1/ {"timestamp":"2022-10-19T01:59:38.425Z"}
info: Connected to the database. {"timestamp":"2022-10-19T01:59:38.459Z"}
info: Server started at http://localhost:5000/api/v1/ {"timestamp":"2022-10-19T02:00:15.113Z"}
info: Connected to the database. {"timestamp":"2022-10-19T02:00:15.232Z"}
info: Server started at http://localhost:5000/api/v1/ {"timestamp":"2022-10-19T02:00:20.162Z"}
info: Connected to the database. {"timestamp":"2022-10-19T02:00:20.196Z"}
info: Server started at http://localhost:5000/api/v1/ {"timestamp":"2022-10-19T02:00:29.363Z"}
info: Connected to the database. {"timestamp":"2022-10-19T02:00:29.399Z"}
info: Server started at http://localhost:5000/api/v1/ {"timestamp":"2022-10-19T16:13:40.084Z"}
info: Connected to the database. {"timestamp":"2022-10-19T16:13:40.137Z"}
info: Server started at http://localhost:5000/api/v1/ {"timestamp":"2022-10-19T16:15:09.819Z"}
info: Connected to the database. {"timestamp":"2022-10-19T16:15:09.845Z"}
