info: Server started at http://localhost:5000/api/v1/ {"timestamp":"2022-10-09T15:36:24.296Z"}
info: Connected to the database. {"timestamp":"2022-10-09T15:36:24.385Z"}
error: 
    status - 500 
    message - SyntaxError: Unexpected token } in JSON at position 141
    at JSON.parse (<anonymous>)
    at parse (C:\Users\asere\Desktop\Saturn\ArcadeIo\mk01\server\node_modules\body-parser\lib\types\json.js:89:19)
    at C:\Users\asere\Desktop\Saturn\ArcadeIo\mk01\server\node_modules\body-parser\lib\read.js:128:18
    at AsyncResource.runInAsyncScope (node:async_hooks:199:9)
    at invokeCallback (C:\Users\asere\Desktop\Saturn\ArcadeIo\mk01\server\node_modules\raw-body\index.js:231:16)
    at done (C:\Users\asere\Desktop\Saturn\ArcadeIo\mk01\server\node_modules\raw-body\index.js:220:7)
    at IncomingMessage.onEnd (C:\Users\asere\Desktop\Saturn\ArcadeIo\mk01\server\node_modules\raw-body\index.js:280:7)
    at IncomingMessage.emit (node:events:402:35)
    at IncomingMessage.emit (node:domain:475:12)
    at endReadableNT (node:internal/streams/readable:1343:12)
    at processTicksAndRejections (node:internal/process/task_queues:83:21) 
    url - /api/v1/users/register 
    method - POST 
    IP - ::ffff:127.0.0.1
   {"timestamp":"2022-10-09T23:55:16.413Z"}
info: Server started at http://localhost:5000/api/v1/ {"timestamp":"2022-10-09T23:57:19.623Z"}
info: Connected to the database. {"timestamp":"2022-10-09T23:57:19.673Z"}
info: Server started at http://localhost:5000/api/v1/ {"timestamp":"2022-10-10T19:07:39.260Z"}
info: Connected to the database. {"timestamp":"2022-10-10T19:07:39.319Z"}
error: 
    status - 500 
    message - undefined 
    url - /api/v1/users/register 
    method - POST 
    IP - ::ffff:127.0.0.1
   {"timestamp":"2022-10-10T19:08:47.248Z"}
info: Server started at http://localhost:5000/api/v1/ {"timestamp":"2022-10-10T19:09:03.195Z"}
info: Connected to the database. {"timestamp":"2022-10-10T19:09:03.234Z"}
info: Server started at http://localhost:5000/api/v1/ {"timestamp":"2022-10-10T19:09:19.256Z"}
info: Connected to the database. {"timestamp":"2022-10-10T19:09:19.294Z"}
info: Server started at http://localhost:5000/api/v1/ {"timestamp":"2022-10-10T19:09:37.925Z"}
info: Connected to the database. {"timestamp":"2022-10-10T19:09:37.977Z"}
error: 
    status - 500 
    message - undefined 
    url - /api/v1/users/register 
    method - POST 
    IP - ::ffff:127.0.0.1
   {"timestamp":"2022-10-10T19:09:43.419Z"}
error: 
    status - 500 
    message - undefined 
    url - /api/v1/users/register 
    method - POST 
    IP - ::ffff:127.0.0.1
   {"timestamp":"2022-10-10T19:10:04.461Z"}
info: Server started at http://localhost:5000/api/v1/ {"timestamp":"2022-10-10T19:11:59.896Z"}
info: Connected to the database. {"timestamp":"2022-10-10T19:11:59.953Z"}
info: Server started at http://localhost:5000/api/v1/ {"timestamp":"2022-10-10T19:12:07.551Z"}
info: Connected to the database. {"timestamp":"2022-10-10T19:12:07.589Z"}
info: Server started at http://localhost:5000/api/v1/ {"timestamp":"2022-10-10T19:12:51.542Z"}
info: Connected to the database. {"timestamp":"2022-10-10T19:12:51.615Z"}
info: Server started at http://localhost:5000/api/v1/ {"timestamp":"2022-10-10T19:14:51.808Z"}
info: Connected to the database. {"timestamp":"2022-10-10T19:14:51.864Z"}
error: 
    status - 500 
    message - undefined 
    url - /api/v1/users/register 
    method - POST 
    IP - ::ffff:127.0.0.1
   {"timestamp":"2022-10-10T19:14:57.618Z"}
info: Server started at http://localhost:5000/api/v1/ {"timestamp":"2022-10-10T19:15:23.886Z"}
info: Connected to the database. {"timestamp":"2022-10-10T19:15:23.938Z"}
error: 
    status - 500 
    message - ReferenceError: bcrypt is not defined
    at _callee6$ (C:\Users\asere\Desktop\Saturn\ArcadeIo\mk01\server\src\services\/user.service.js:41:25)
    at tryCatch (C:\Users\asere\Desktop\Saturn\ArcadeIo\mk01\server\node_modules\@babel\runtime\helpers\regeneratorRuntime.js:86:17)
    at Generator._invoke (C:\Users\asere\Desktop\Saturn\ArcadeIo\mk01\server\node_modules\@babel\runtime\helpers\regeneratorRuntime.js:66:24)
    at Generator.next (C:\Users\asere\Desktop\Saturn\ArcadeIo\mk01\server\node_modules\@babel\runtime\helpers\regeneratorRuntime.js:117:21)
    at asyncGeneratorStep (C:\Users\asere\Desktop\Saturn\ArcadeIo\mk01\server\node_modules\@babel\runtime\helpers\asyncToGenerator.js:3:24)
    at _next (C:\Users\asere\Desktop\Saturn\ArcadeIo\mk01\server\node_modules\@babel\runtime\helpers\asyncToGenerator.js:25:9)
    at processTicksAndRejections (node:internal/process/task_queues:96:5) 
    url - /api/v1/users/register 
    method - POST 
    IP - ::ffff:127.0.0.1
   {"timestamp":"2022-10-10T19:15:26.196Z"}
info: Server started at http://localhost:5000/api/v1/ {"timestamp":"2022-10-10T19:15:50.872Z"}
info: Connected to the database. {"timestamp":"2022-10-10T19:15:50.926Z"}
error: 
    status - 500 
    message - ReferenceError: password is not defined
    at _callee6$ (C:\Users\asere\Desktop\Saturn\ArcadeIo\mk01\server\src\services\/user.service.js:53:49)
    at tryCatch (C:\Users\asere\Desktop\Saturn\ArcadeIo\mk01\server\node_modules\@babel\runtime\helpers\regeneratorRuntime.js:86:17)
    at Generator._invoke (C:\Users\asere\Desktop\Saturn\ArcadeIo\mk01\server\node_modules\@babel\runtime\helpers\regeneratorRuntime.js:66:24)
    at Generator.next (C:\Users\asere\Desktop\Saturn\ArcadeIo\mk01\server\node_modules\@babel\runtime\helpers\regeneratorRuntime.js:117:21)
    at asyncGeneratorStep (C:\Users\asere\Desktop\Saturn\ArcadeIo\mk01\server\node_modules\@babel\runtime\helpers\asyncToGenerator.js:3:24)
    at _next (C:\Users\asere\Desktop\Saturn\ArcadeIo\mk01\server\node_modules\@babel\runtime\helpers\asyncToGenerator.js:25:9)
    at processTicksAndRejections (node:internal/process/task_queues:96:5) 
    url - /api/v1/users/register 
    method - POST 
    IP - ::ffff:127.0.0.1
   {"timestamp":"2022-10-10T19:15:55.909Z"}
info: Server started at http://localhost:5000/api/v1/ {"timestamp":"2022-10-10T19:16:28.878Z"}
info: Connected to the database. {"timestamp":"2022-10-10T19:16:28.950Z"}
error: 
    status - 500 
    message - ReferenceError: jwt is not defined
    at _callee6$ (C:\Users\asere\Desktop\Saturn\ArcadeIo\mk01\server\src\services\/user.service.js:61:11)
    at tryCatch (C:\Users\asere\Desktop\Saturn\ArcadeIo\mk01\server\node_modules\@babel\runtime\helpers\regeneratorRuntime.js:86:17)
    at Generator._invoke (C:\Users\asere\Desktop\Saturn\ArcadeIo\mk01\server\node_modules\@babel\runtime\helpers\regeneratorRuntime.js:66:24)
    at Generator.next (C:\Users\asere\Desktop\Saturn\ArcadeIo\mk01\server\node_modules\@babel\runtime\helpers\regeneratorRuntime.js:117:21)
    at asyncGeneratorStep (C:\Users\asere\Desktop\Saturn\ArcadeIo\mk01\server\node_modules\@babel\runtime\helpers\asyncToGenerator.js:3:24)
    at _next (C:\Users\asere\Desktop\Saturn\ArcadeIo\mk01\server\node_modules\@babel\runtime\helpers\asyncToGenerator.js:25:9) 
    url - /api/v1/users/register 
    method - POST 
    IP - ::ffff:127.0.0.1
   {"timestamp":"2022-10-10T19:16:30.407Z"}
info: Server started at http://localhost:5000/api/v1/ {"timestamp":"2022-10-10T19:16:47.951Z"}
info: Connected to the database. {"timestamp":"2022-10-10T19:16:47.999Z"}
error: 
    status - 500 
    message - TypeError: Cannot read properties of undefined (reading '_id')
    at _callee6$ (C:\Users\asere\Desktop\Saturn\ArcadeIo\mk01\server\src\services\/user.service.js:63:26)
    at tryCatch (C:\Users\asere\Desktop\Saturn\ArcadeIo\mk01\server\node_modules\@babel\runtime\helpers\regeneratorRuntime.js:86:17)
    at Generator._invoke (C:\Users\asere\Desktop\Saturn\ArcadeIo\mk01\server\node_modules\@babel\runtime\helpers\regeneratorRuntime.js:66:24)
    at Generator.next (C:\Users\asere\Desktop\Saturn\ArcadeIo\mk01\server\node_modules\@babel\runtime\helpers\regeneratorRuntime.js:117:21)
    at asyncGeneratorStep (C:\Users\asere\Desktop\Saturn\ArcadeIo\mk01\server\node_modules\@babel\runtime\helpers\asyncToGenerator.js:3:24)
    at _next (C:\Users\asere\Desktop\Saturn\ArcadeIo\mk01\server\node_modules\@babel\runtime\helpers\asyncToGenerator.js:25:9) 
    url - /api/v1/users/register 
    method - POST 
    IP - ::ffff:127.0.0.1
   {"timestamp":"2022-10-10T19:16:50.603Z"}
info: Server started at http://localhost:5000/api/v1/ {"timestamp":"2022-10-10T19:17:27.534Z"}
info: Connected to the database. {"timestamp":"2022-10-10T19:17:27.571Z"}
info: Server started at http://localhost:5000/api/v1/ {"timestamp":"2022-10-10T19:17:43.734Z"}
info: Connected to the database. {"timestamp":"2022-10-10T19:17:43.784Z"}
error: 
    status - 500 
    message - undefined 
    url - /api/v1/users/register 
    method - POST 
    IP - ::ffff:127.0.0.1
   {"timestamp":"2022-10-10T19:17:56.638Z"}
error: 
    status - 500 
    message - undefined 
    url - /api/v1/users/register 
    method - POST 
    IP - ::ffff:127.0.0.1
   {"timestamp":"2022-10-10T19:50:18.344Z"}
info: Server started at http://localhost:5000/api/v1/ {"timestamp":"2022-10-16T05:37:17.089Z"}
info: Connected to the database. {"timestamp":"2022-10-16T05:37:17.213Z"}
error: 
    status - 500 
    message - undefined 
    url - /api/v1/users/register 
    method - POST 
    IP - ::ffff:127.0.0.1
   {"timestamp":"2022-10-16T05:37:35.672Z"}
error: 
    status - 500 
    message - undefined 
    url - /api/v1/users/register 
    method - POST 
    IP - ::ffff:127.0.0.1
   {"timestamp":"2022-10-16T05:37:54.309Z"}
error: 
    status - 500 
    message - undefined 
    url - /api/v1/users/register 
    method - POST 
    IP - ::ffff:127.0.0.1
   {"timestamp":"2022-10-16T05:44:02.156Z"}
error: 
    status - 500 
    message - undefined 
    url - /api/v1/users/register 
    method - POST 
    IP - ::ffff:127.0.0.1
   {"timestamp":"2022-10-16T05:46:00.770Z"}
error: 
    status - 500 
    message - undefined 
    url - /api/v1/users/register 
    method - POST 
    IP - ::ffff:127.0.0.1
   {"timestamp":"2022-10-16T05:46:15.352Z"}
info: Server started at http://localhost:5000/api/v1/ {"timestamp":"2022-10-16T05:52:28.673Z"}
info: Connected to the database. {"timestamp":"2022-10-16T05:52:28.729Z"}
info: Server started at http://localhost:5000/api/v1/ {"timestamp":"2022-10-16T05:59:04.345Z"}
info: Connected to the database. {"timestamp":"2022-10-16T05:59:04.400Z"}
info: Server started at http://localhost:5000/api/v1/ {"timestamp":"2022-10-16T06:01:43.170Z"}
info: Connected to the database. {"timestamp":"2022-10-16T06:01:43.239Z"}
info: Server started at http://localhost:5000/api/v1/ {"timestamp":"2022-10-16T06:01:48.245Z"}
info: Connected to the database. {"timestamp":"2022-10-16T06:01:48.291Z"}
info: Server started at http://localhost:5000/api/v1/ {"timestamp":"2022-10-16T06:02:12.141Z"}
info: Connected to the database. {"timestamp":"2022-10-16T06:02:12.178Z"}
info: Server started at http://localhost:5000/api/v1/ {"timestamp":"2022-10-16T06:02:57.242Z"}
info: Connected to the database. {"timestamp":"2022-10-16T06:02:57.279Z"}
info: Server started at http://localhost:5000/api/v1/ {"timestamp":"2022-10-16T06:05:12.286Z"}
info: Connected to the database. {"timestamp":"2022-10-16T06:05:12.340Z"}
info: Server started at http://localhost:5000/api/v1/ {"timestamp":"2022-10-16T06:05:36.262Z"}
info: Connected to the database. {"timestamp":"2022-10-16T06:05:36.307Z"}
